<?xml version="1.0" encoding="UTF-8"?>
<testsuite xmlns:xsi="http://www.w3.org/2001/XMLSchema-instance" xsi:noNamespaceSchemaLocation="https://maven.apache.org/surefire/maven-surefire-plugin/xsd/surefire-test-report-3.0.xsd" version="3.0" name="Runners.Smoke" time="19.141" tests="1" errors="0" skipped="0" failures="0">
  <properties>
[...]
</properties>
  <testcase name="Add membership to any employee" classname="Add Memberships To Employee" time="18.868">
    <system-out><![CDATA[
@groupProject
Scenario: Add membership to any employee                                  # src/test/resources/features/AddMembershipsToEmployee.feature:15
  When user enters valid admin username and password                      # steps.LoginSteps.user_enters_valid_admin_username_and_password()
  And user clicks on login button                                         # steps.LoginSteps.user_clicks_on_login_button()
Test passed
  Then admin user is successfully logged in                               # steps.LoginSteps.admin_user_is_successfully_logged_in()
  When user clicks on PIM option                                          # steps.AddEmployeeSteps.user_clicks_on_pim_option()
  And user clicks on Employee list button                                 # steps.AddMembershipsToEmployee.user_clicks_on_employee_list_button()
  And user clicks on any employee                                         # steps.AddMembershipsToEmployee.user_clicks_on_any_employee()
Personal Details page displayed
  Then Personal Details page displayed                                    # steps.AddMembershipsToEmployee.personal_details_page_displayed()
  When user clicks on memberships button                                  # steps.AddMembershipsToEmployee.user_clicks_on_memberships_button()
  And user clicks on Add Membership button                                # steps.AddMembershipsToEmployee.user_clicks_on_add_membership_button()
Add Membership page is displayed
  Then Add Membership page is displayed                                   # steps.AddMembershipsToEmployee.add_membership_page_is_displayed()
  When user clicks on Membership dropdown                                 # steps.AddMembershipsToEmployee.user_clicks_on_membership_dropdown()
  Then dropdown is displayed and user select values from the dropdown     # steps.AddMembershipsToEmployee.dropdown_is_displayed_and_user_select_values_from_the_dropdown()
  When user clicks on Subscription Paid By dropdown                       # steps.AddMembershipsToEmployee.user_clicks_on_subscription_paid_by_dropdown()
  Then dropdown is displayed and user can select values from the dropdown # steps.AddMembershipsToEmployee.dropdown_is_displayed_and_user_can_select_values_from_the_dropdown()
  When user clicks on Subscription Amount text box                        # steps.AddMembershipsToEmployee.user_clicks_on_subscription_amount_text_box()
  Then text box is displayed and user can enter the amount there          # steps.AddMembershipsToEmployee.text_box_is_displayed_and_user_can_enter_the_amount_there()
  When user clicks on Currency dropdown                                   # steps.AddMembershipsToEmployee.user_clicks_on_currency_dropdown()
  Then dropdown is displayed and user selected values from the dropdown   # steps.AddMembershipsToEmployee.dropdown_is_displayed_and_user_selected_values_from_the_dropdown()
  When user clicks on Subscription Commence Date field                    # steps.AddMembershipsToEmployee.user_clicks_on_subscription_commence_date_field()
  Then field is displayed and user can select date from there             # steps.AddMembershipsToEmployee.field_is_displayed_and_user_can_select_date_from_there()
  When user clicks on Subscription Renewal Date                           # steps.AddMembershipsToEmployee.user_clicks_on_subscription_renewal_date()
  Then calendar is displayed and user can pick date from there            # steps.AddMembershipsToEmployee.calendar_is_displayed_and_user_can_pick_date_from_there()
  When user clicks on save button after all step                          # steps.AddMembershipsToEmployee.user_clicks_on_save_button_after_all_step()
Test is passed, the membership added to the employee
  Then the membership added to the employee                               # steps.AddMembershipsToEmployee.the_membership_added_to_the_employee()

    Embedding Add membership to any employee [image/png 274047 bytes]

]]></system-out>
    <system-err><![CDATA[SLF4J: Failed to load class "org.slf4j.impl.StaticLoggerBinder".
SLF4J: Defaulting to no-operation (NOP) logger implementation
SLF4J: See http://www.slf4j.org/codes.html#StaticLoggerBinder for further details.
Starting ChromeDriver 97.0.4692.71 (adefa7837d02a07a604c1e6eff0b3a09422ab88d-refs/branch-heads/4692@{#1247}) on port 28514
Only local connections are allowed.
Please see https://chromedriver.chromium.org/security-considerations for suggestions on keeping ChromeDriver safe.
ChromeDriver was started successfully.
Feb 02, 2022 7:01:19 PM org.openqa.selenium.remote.ProtocolHandshake createSession
INFO: Detected dialect: W3C
]]></system-err>
  </testcase>
</testsuite>